Running baseline pipeline only...
=== Data loading & preprocessing ===
Local file not found, fetching from ucimlrepo...
=== Outlier detection on training set ===
Outliers detected: 64925
Remaining samples: 138019
Train samples: before=202944, after=138019
=== Applying Random Oversampling to balance classes ===
After Oversampling: 249918 samples. Class dist: [124959 124959]
=== Training baseline MLP ===
Using BCEWithLogitsLoss with pos_weight=1.00
=== Evaluating on held-out test set ===
Threshold Moving: Optimal Threshold = 0.690 (F1=0.4369)
=== Baseline MLP Evaluation ===
Accuracy: 0.7695
F1-score: 0.4369
ROC-AUC: 0.8025563218496854
Brier score: 0.2152
Confusion matrix:
[[34505, 9162], [2532, 4537]]
Saved metrics to: experiments/hpo_results/baseline_metrics.json
Confusion Matrix plot saved to experiments/confusion_matrix.png

=== Classical AI Demonstration ===
ID    True  MLP    Rule                      Fuzzy  Bayes 
-----------------------------------------------------------------
29606 0     0.0224 high                      0.1905 0.0023
39183 0     0.7238 high                      0.3325 0.9563
18846 0     0.3211 high                      0.0893 0.0150
49248 1     0.4883 None                      0.3179 0.0045
3776  0     0.3741 high                      0.0000 0.0037
43165 1     0.8203 high                      0.1905 0.6783
26366 0     0.6305 high                      0.0476 0.8375
14203 0     0.1805 None                      0.2679 0.0380
25116 0     0.0392 low                       0.0212 0.0002
29043 0     0.4457 high                      0.1429 0.9644

=== Unsupervised Learning Analysis ===
Running PCA...
Running K-Means...
Generating plots...
Unsupervised analysis plots saved to experiments/unsupervised*
Pipeline finished.
Baseline metrics obtained:
{'accuracy': 0.7695127719962157, 'f1_score': 0.43692218798151, 'roc_auc': 0.8025563218496854, 'brier_score': 0.2152309905898645, 'confusion_matrix': [[34505, 9162], [2532, 4537]]}
