[I 2025-12-31 02:17:43,977] A new study created in memory with name: no-name-915eb805-6385-4118-9d4b-9947b95e8591
[I 2025-12-31 02:52:31,477] Trial 0 finished with value: 0.832967820509221 and parameters: {'lr': 0.00031489116479568613, 'batch_size': 16, 'weight_decay': 6.025215736203855e-07, 'dropout': 0.02904180608409973, 'epochs': 71, 'beta1': 0.9142118522312097, 'beta2': 0.970736450521825}. Best is trial 0 with value: 0.832967820509221.
[I 2025-12-31 03:15:03,853] Trial 1 finished with value: 0.8254245840102893 and parameters: {'lr': 1.2087541473056957e-05, 'batch_size': 16, 'weight_decay': 8.260808399079598e-07, 'dropout': 0.15212112147976886, 'epochs': 47, 'beta1': 0.882069553542002, 'beta2': 0.9290937911057844}. Best is trial 0 with value: 0.832967820509221.
[I 2025-12-31 03:19:16,658] Trial 2 finished with value: 0.827130517232864 and parameters: {'lr': 0.0028016351587162596, 'batch_size': 128, 'weight_decay': 0.0008431013932082463, 'dropout': 0.09983689107917987, 'epochs': 46, 'beta1': 0.9125587680837881, 'beta2': 0.9046403962307278}. Best is trial 0 with value: 0.832967820509221.
[I 2025-12-31 03:20:49,285] Trial 3 finished with value: 0.8262399409552413 and parameters: {'lr': 0.0026926469100861782, 'batch_size': 128, 'weight_decay': 0.001101505679026963, 'dropout': 0.15230688458668534, 'epochs': 16, 'beta1': 0.9300042750373099, 'beta2': 0.9439712341245862}. Best is trial 0 with value: 0.832967820509221.
[I 2025-12-31 03:27:54,632] Trial 4 finished with value: 0.8266425473821277 and parameters: {'lr': 3.077180271250682e-05, 'batch_size': 64, 'weight_decay': 0.0002054051942538847, 'dropout': 0.15585553804470548, 'epochs': 46, 'beta1': 0.9038749530752231, 'beta2': 0.9184669601070001}. Best is trial 0 with value: 0.832967820509221.
[I 2025-12-31 03:33:59,622] Trial 5 finished with value: 0.8056633404379543 and parameters: {'lr': 0.07556810141274425, 'batch_size': 32, 'weight_decay': 0.004067908494359549, 'dropout': 0.04424625102595975, 'epochs': 23, 'beta1': 0.8085931848930022, 'beta2': 0.9325005000432501}. Best is trial 0 with value: 0.832967820509221.
[I 2025-12-31 03:50:24,144] Trial 6 finished with value: 0.8333868822658332 and parameters: {'lr': 0.00035868164986275477, 'batch_size': 32, 'weight_decay': 5.1698794422985435e-05, 'dropout': 0.07046211248738132, 'epochs': 66, 'beta1': 0.8141646222991565, 'beta2': 0.9985900049663917}. Best is trial 6 with value: 0.8333868822658332.
[I 2025-12-31 03:52:34,564] Trial 7 finished with value: 0.8228229544337671 and parameters: {'lr': 0.012273800987852962, 'batch_size': 64, 'weight_decay': 0.00044160688951185945, 'dropout': 0.38563517334297287, 'epochs': 15, 'beta1': 0.8681084884234118, 'beta2': 0.9115753190465605}. Best is trial 6 with value: 0.8333868822658332.
[I 2025-12-31 04:18:54,230] Trial 8 finished with value: 0.8132439992833558 and parameters: {'lr': 0.028340904295147733, 'batch_size': 16, 'weight_decay': 4.225874644996163e-06, 'dropout': 0.36480308916903204, 'epochs': 55, 'beta1': 0.9685704210895021, 'beta2': 0.9471742710236788}. Best is trial 6 with value: 0.8333868822658332.
[I 2025-12-31 04:22:37,630] Trial 9 finished with value: 0.8248123842651416 and parameters: {'lr': 3.0086868214458443e-05, 'batch_size': 128, 'weight_decay': 2.9442723591496814e-05, 'dropout': 0.26136641469099703, 'epochs': 40, 'beta1': 0.8048296340813781, 'beta2': 0.9107783535566312}. Best is trial 6 with value: 0.8333868822658332.
[I 2025-12-31 04:42:17,778] Trial 10 finished with value: 0.8307880865026616 and parameters: {'lr': 0.00034163330287042653, 'batch_size': 32, 'weight_decay': 3.067572745464553e-05, 'dropout': 0.2765046693392435, 'epochs': 79, 'beta1': 0.8409634651758155, 'beta2': 0.9972064723008855}. Best is trial 6 with value: 0.8333868822658332.
[I 2025-12-31 05:15:41,595] Trial 11 finished with value: 0.8355814481632842 and parameters: {'lr': 0.00022552353528655793, 'batch_size': 16, 'weight_decay': 1.1638142281027563e-07, 'dropout': 0.00818622053115401, 'epochs': 74, 'beta1': 0.9516716241475323, 'beta2': 0.9889649489839181}. Best is trial 11 with value: 0.8355814481632842.
[I 2025-12-31 05:31:59,025] Trial 12 finished with value: 0.8324217078530431 and parameters: {'lr': 0.00018341027552370594, 'batch_size': 32, 'weight_decay': 4.525195243082408e-06, 'dropout': 0.002161896532907181, 'epochs': 63, 'beta1': 0.9792235015550115, 'beta2': 0.9982767088980287}. Best is trial 11 with value: 0.8355814481632842.
[I 2025-12-31 06:09:19,123] Trial 13 finished with value: 0.8304546123133282 and parameters: {'lr': 9.188227716652768e-05, 'batch_size': 16, 'weight_decay': 2.702991058763226e-07, 'dropout': 0.0890641831958864, 'epochs': 80, 'beta1': 0.9466666209144368, 'beta2': 0.9711265824411198}. Best is trial 11 with value: 0.8355814481632842.
[I 2025-12-31 06:25:52,134] Trial 14 finished with value: 0.8275632677488807 and parameters: {'lr': 0.0011399654597808394, 'batch_size': 32, 'weight_decay': 1.0404058775627741e-07, 'dropout': 0.46104751186783316, 'epochs': 64, 'beta1': 0.8458954372662646, 'beta2': 0.9797196874209938}. Best is trial 11 with value: 0.8355814481632842.
=== Data Setup (IsoForest + Random Oversampling) ===
Local file not found, fetching from ucimlrepo...
Outliers detected: 64925
Remaining samples: 138019
Before Oversampling: [124959  13060]
After Oversampling: [124959 124959]

>>> Running Random Search (Adam) <<<
Using BCEWithLogitsLoss with pos_weight=1.00
[Random 1/10] roc_auc=0.8289 time=336.7s hparams={'lr': 0.0019004375238737116, 'batch_size': 32, 'weight_decay': 0.0001677457397905576, 'dropout': 0.0979567415213905, 'epochs': 24, 'beta1': 0.8602495176171507, 'beta2': 0.9733261067221, 'optimizer_name': 'adam'}
Using BCEWithLogitsLoss with pos_weight=1.00
[Random 2/10] roc_auc=0.8286 time=352.6s hparams={'lr': 0.0019004375238737116, 'batch_size': 32, 'weight_decay': 0.0001677457397905576, 'dropout': 0.0979567415213905, 'epochs': 24, 'beta1': 0.8602495176171507, 'beta2': 0.9733261067221, 'optimizer_name': 'adam'}
Using BCEWithLogitsLoss with pos_weight=1.00
[Random 3/10] roc_auc=0.8262 time=189.5s hparams={'lr': 0.00011942731780421021, 'batch_size': 128, 'weight_decay': 0.0001941120927994556, 'dropout': 0.3837625398115285, 'epochs': 31, 'beta1': 0.9198438627965385, 'beta2': 0.9095321571071874, 'optimizer_name': 'adam'}
Using BCEWithLogitsLoss with pos_weight=1.00
[Random 4/10] roc_auc=0.8315 time=184.6s hparams={'lr': 0.0006562536901904111, 'batch_size': 128, 'weight_decay': 0.00012730418097986484, 'dropout': 0.04666216426094066, 'epochs': 31, 'beta1': 0.8789568096616098, 'beta2': 0.9222439580228061, 'optimizer_name': 'adam'}
Using BCEWithLogitsLoss with pos_weight=1.00
[Random 5/10] roc_auc=0.8301 time=177.5s hparams={'lr': 0.0003497444477863494, 'batch_size': 64, 'weight_decay': 5.929005614109034e-06, 'dropout': 0.12127684455732549, 'epochs': 21, 'beta1': 0.8984255917452546, 'beta2': 0.9113689795814542, 'optimizer_name': 'adam'}
Using BCEWithLogitsLoss with pos_weight=1.00
[Random 6/10] roc_auc=0.8290 time=424.3s hparams={'lr': 0.005977728042983692, 'batch_size': 64, 'weight_decay': 1.3179081535947742e-06, 'dropout': 0.23476087111171084, 'epochs': 47, 'beta1': 0.9134526666370908, 'beta2': 0.9150447854532996, 'optimizer_name': 'adam'}
Using BCEWithLogitsLoss with pos_weight=1.00
[Random 7/10] roc_auc=0.8297 time=253.6s hparams={'lr': 0.0005054666557506716, 'batch_size': 64, 'weight_decay': 4.5805774972746186e-05, 'dropout': 0.22831623060545247, 'epochs': 28, 'beta1': 0.8886557067874188, 'beta2': 0.9609405708465723, 'optimizer_name': 'adam'}
Using BCEWithLogitsLoss with pos_weight=1.00
[Random 8/10] roc_auc=0.8292 time=702.6s hparams={'lr': 0.0012482904754698156, 'batch_size': 32, 'weight_decay': 4.6850662379321206e-05, 'dropout': 0.21391544432118548, 'epochs': 44, 'beta1': 0.9005312578325855, 'beta2': 0.9706728912177423, 'optimizer_name': 'adam'}
Using BCEWithLogitsLoss with pos_weight=1.00
[Random 9/10] roc_auc=0.8282 time=336.8s hparams={'lr': 0.00013607174450468637, 'batch_size': 64, 'weight_decay': 0.0006309081377117578, 'dropout': 0.1293980859282954, 'epochs': 37, 'beta1': 0.9307740360868528, 'beta2': 0.9673062753411825, 'optimizer_name': 'adam'}
Using BCEWithLogitsLoss with pos_weight=1.00
[Random 10/10] roc_auc=0.8282 time=384.8s hparams={'lr': 0.000988719586312263, 'batch_size': 64, 'weight_decay': 1.2367809223880202e-05, 'dropout': 0.35632535887503547, 'epochs': 41, 'beta1': 0.9266902521031619, 'beta2': 0.9326748275267602, 'optimizer_name': 'adam'}

>>> Running Optuna (Adam) <<<
Using BCEWithLogitsLoss with pos_weight=1.00
Using BCEWithLogitsLoss with pos_weight=1.00
Using BCEWithLogitsLoss with pos_weight=1.00
Using BCEWithLogitsLoss with pos_weight=1.00
Using BCEWithLogitsLoss with pos_weight=1.00
Using BCEWithLogitsLoss with pos_weight=1.00
Using BCEWithLogitsLoss with pos_weight=1.00
Using BCEWithLogitsLoss with pos_weight=1.00
Using BCEWithLogitsLoss with pos_weight=1.00
Using BCEWithLogitsLoss with pos_weight=1.00
Using BCEWithLogitsLoss with pos_weight=1.00
Using BCEWithLogitsLoss with pos_weight=1.00
Using BCEWithLogitsLoss with pos_weight=1.00
Using BCEWithLogitsLoss with pos_weight=1.00
Using BCEWithLogitsLoss with pos_weight=1.00

>>> Running Genetic Algorithm (Adam) <<<
GA Generation 1/3 — evaluating 6 individuals
Using BCEWithLogitsLoss with pos_weight=1.00
  ind roc_auc=0.8233 time=353.3s
Using BCEWithLogitsLoss with pos_weight=1.00
  ind roc_auc=0.8245 time=271.4s
Using BCEWithLogitsLoss with pos_weight=1.00
  ind roc_auc=0.8273 time=315.4s
Using BCEWithLogitsLoss with pos_weight=1.00
  ind roc_auc=0.8237 time=491.6s
Using BCEWithLogitsLoss with pos_weight=1.00
  ind roc_auc=0.8256 time=271.4s
Using BCEWithLogitsLoss with pos_weight=1.00
  ind roc_auc=0.8262 time=296.2s
GA Generation 2/3 — evaluating 6 individuals
Using BCEWithLogitsLoss with pos_weight=1.00
  ind roc_auc=0.8272 time=315.1s
Using BCEWithLogitsLoss with pos_weight=1.00
  ind roc_auc=0.8257 time=291.2s
Using BCEWithLogitsLoss with pos_weight=1.00
  ind roc_auc=0.8259 time=258.8s
Using BCEWithLogitsLoss with pos_weight=1.00
  ind roc_auc=0.8225 time=320.1s
Using BCEWithLogitsLoss with pos_weight=1.00
  ind roc_auc=0.8304 time=271.3s
Using BCEWithLogitsLoss with pos_weight=1.00
  ind roc_auc=0.8247 time=303.9s
GA Generation 3/3 — evaluating 6 individuals
Using BCEWithLogitsLoss with pos_weight=1.00
  ind roc_auc=0.8306 time=260.6s
Using BCEWithLogitsLoss with pos_weight=1.00
  ind roc_auc=0.8278 time=347.8s
Using BCEWithLogitsLoss with pos_weight=1.00
  ind roc_auc=0.8259 time=273.2s
Using BCEWithLogitsLoss with pos_weight=1.00
  ind roc_auc=0.8245 time=254.6s
Using BCEWithLogitsLoss with pos_weight=1.00
  ind roc_auc=0.8313 time=253.7s
Using BCEWithLogitsLoss with pos_weight=1.00
  ind roc_auc=0.8296 time=298.2s

=== Adam HPO Suite Completed ===
