nohup: zignorowane dane wejściowe
Loading Data...
Local file not found, fetching from ucimlrepo...
Outliers detected: 66777
Remaining samples: 136167
Training Autoencoder (dim=10)...
[Autoencoder] Epoch 10/20, Loss: 0.042226
[Autoencoder] Epoch 20/20, Loss: 0.040651


>>> STARTING REPRESENTATION: AE (dim=10)

   >>> OPTIMIZER: LION
      Running Random Search...
[Random 1/5] roc_auc=0.7907 time=206.2s hparams={'lr': np.float64(0.008284768840933803), 'batch_size': 32, 'epochs': 25, 'optimizer_name': 'lion'}
[Random 2/5] roc_auc=0.7657 time=423.4s hparams={'lr': np.float64(0.008284768840933803), 'batch_size': 32, 'epochs': 25, 'optimizer_name': 'lion'}
[Random 3/5] roc_auc=0.8100 time=267.3s hparams={'lr': np.float64(0.00013051352453616747), 'batch_size': 32, 'epochs': 29, 'optimizer_name': 'lion'}
[Random 4/5] roc_auc=0.8032 time=129.3s hparams={'lr': np.float64(0.001681154540009978), 'batch_size': 32, 'epochs': 14, 'optimizer_name': 'lion'}
[Random 5/5] roc_auc=0.8110 time=80.4s hparams={'lr': np.float64(0.0006540730319855326), 'batch_size': 64, 'epochs': 15, 'optimizer_name': 'lion'}
      Running Optuna...
[I 2025-12-16 00:58:32,823] A new study created in memory with name: no-name-5cd60886-1b4c-4382-8c24-d0dcb6f57aff
[I 2025-12-16 01:17:58,601] Trial 0 finished with value: 0.8074308366946242 and parameters: {'lr': 0.00031489116479568613, 'batch_size': 16, 'weight_decay': 6.025215736203855e-07, 'dropout': 0.02904180608409973, 'epochs': 71, 'beta1': 0.9142118522312097, 'beta2': 0.970736450521825}. Best is trial 0 with value: 0.8074308366946242.
[I 2025-12-16 01:30:52,886] Trial 1 finished with value: 0.8057839385000984 and parameters: {'lr': 1.2087541473056957e-05, 'batch_size': 16, 'weight_decay': 8.260808399079598e-07, 'dropout': 0.15212112147976886, 'epochs': 47, 'beta1': 0.882069553542002, 'beta2': 0.9290937911057844}. Best is trial 0 with value: 0.8074308366946242.
[I 2025-12-16 01:33:49,732] Trial 2 finished with value: 0.8031988618894002 and parameters: {'lr': 0.0028016351587162596, 'batch_size': 128, 'weight_decay': 0.0008431013932082463, 'dropout': 0.09983689107917987, 'epochs': 46, 'beta1': 0.9125587680837881, 'beta2': 0.9046403962307278}. Best is trial 0 with value: 0.8074308366946242.
[I 2025-12-16 01:34:56,919] Trial 3 finished with value: 0.7967799879178131 and parameters: {'lr': 0.0026926469100861782, 'batch_size': 128, 'weight_decay': 0.001101505679026963, 'dropout': 0.15230688458668534, 'epochs': 16, 'beta1': 0.9300042750373099, 'beta2': 0.9439712341245862}. Best is trial 0 with value: 0.8074308366946242.
[I 2025-12-16 01:38:05,988] Trial 4 finished with value: 0.8098105384084743 and parameters: {'lr': 3.077180271250682e-05, 'batch_size': 64, 'weight_decay': 0.0002054051942538847, 'dropout': 0.15585553804470548, 'epochs': 46, 'beta1': 0.9038749530752231, 'beta2': 0.9184669601070001}. Best is trial 4 with value: 0.8098105384084743.
      Running Genetic Algorithm...
GA Generation 1/3 — evaluating 5 individuals
  ind roc_auc=0.5000 time=250.4s
  ind roc_auc=0.5000 time=140.6s
  ind roc_auc=0.7542 time=269.0s
  ind roc_auc=0.5000 time=564.3s
  ind roc_auc=0.5000 time=172.1s
GA Generation 2/3 — evaluating 5 individuals
  ind roc_auc=0.7073 time=276.3s
  ind roc_auc=0.5000 time=199.0s
  ind roc_auc=0.5000 time=239.4s
  ind roc_auc=0.7869 time=271.3s
  ind roc_auc=0.5000 time=394.1s
GA Generation 3/3 — evaluating 5 individuals
  ind roc_auc=0.7840 time=179.1s
  ind roc_auc=0.7709 time=180.9s
  ind roc_auc=0.7492 time=191.6s
  ind roc_auc=0.7613 time=275.4s
  ind roc_auc=0.7671 time=185.8s
      Running Enhanced ALSHADE...
Evaluating initial population (5)...
[ALSHADE] Generation 1, Evals 5/15, Best AUC: 0.5000
[ALSHADE] Generation 2, Evals 10/15, Best AUC: 0.7603
[ALSHADE] Generation 3, Evals 14/15, Best AUC: 0.7603
